-npm ERR! Error: ENOENT, open '/home/jaesun/Git/space_log/client/package.json'
-npm ERR! If you need help, you may report this log at:
-npm ERR!     <http://github.com/isaacs/npm/issues>
-npm ERR! or email it to:
-npm ERR!     <npm-@googlegroups.com>
-
-npm ERR! System Linux 3.8.0-44-generic
-npm ERR! command "/usr/local/bin/node" "/usr/local/bin/npm" "start"
-npm ERR! cwd /home/jaesun/Git/space_log/client
-npm ERR! node -v v0.10.22
-npm ERR! npm -v 1.3.14
-npm ERR! path /home/jaesun/Git/space_log/client/package.json
-npm ERR! code ENOENT
-npm ERR! errno 34
-npm ERR!
-npm ERR! Additional logging details can be found in:
-npm ERR!     /home/jaesun/Git/space_log/client/npm-debug.log
-npm ERR! not ok code 0
-start: missing job name
-Try `start --help' for more information.
-start: missing job name
-Try `start --help' for more information.
-start: missing job name
-Try `start --help' for more information.
