0 info it worked if it ends with ok
1 verbose cli [ '/home/jaesun/local/bin/node',
1 verbose cli   '/home/jaesun/local/bin/npm',
1 verbose cli   'start' ]
2 info using npm@3.8.3
3 info using node@v5.10.1
4 verbose config Skipping project config: /home/jaesun/.npmrc. (matches userconfig)
5 verbose stack Error: ENOENT: no such file or directory, open '/home/jaesun/package.json'
5 verbose stack     at Error (native)
6 verbose cwd /home/jaesun/Git/space_log
7 error Linux 4.2.0-42-generic
8 error argv "/home/jaesun/local/bin/node" "/home/jaesun/local/bin/npm" "start"
9 error node v5.10.1
10 error npm  v3.8.3
11 error path /home/jaesun/package.json
12 error code ENOENT
13 error errno -2
14 error syscall open
15 error enoent ENOENT: no such file or directory, open '/home/jaesun/package.json'
16 error enoent ENOENT: no such file or directory, open '/home/jaesun/package.json'
16 error enoent This is most likely not a problem with npm itself
16 error enoent and is related to npm not being able to find a file.
17 verbose exit [ -2, true ]
