
> server@0.0.0 start /home/ubuntu/nodejs/Github/space_log/server
> nodemon ./bin/www

[33m[nodemon] 1.9.1[39m
[33m[nodemon] to restart at any time, enter `rs`[39m
[33m[nodemon] watching: *.*[39m
[32m[nodemon] starting `node ./bin/www`[39m

stream.js:94
      throw er; // Unhandled stream error in pipe.
            ^
Error: EBADF, read
npm ERR! weird error 8
npm WARN This failure might be due to the use of legacy binary "node"
npm WARN For further explanations, please read
/usr/share/doc/nodejs/README.Debian
 
npm ERR! not ok code 0

> server@0.0.0 start /home/ubuntu/nodejs/Github/space_log/server
> nodemon ./bin/www

[33m[nodemon] 1.9.1[39m
[33m[nodemon] to restart at any time, enter `rs`[39m
[33m[nodemon] watching: *.*[39m
[32m[nodemon] starting `node ./bin/www`[39m

stream.js:94
      throw er; // Unhandled stream error in pipe.
            ^
Error: EBADF, read
npm ERR! weird error 8
npm WARN This failure might be due to the use of legacy binary "node"
npm WARN For further explanations, please read
/usr/share/doc/nodejs/README.Debian
 
npm ERR! not ok code 0
