0 info it worked if it ends with ok
1 verbose cli [ 'C:\\Program Files\\nodejs\\node.exe',
1 verbose cli   'C:\\Program Files\\nodejs\\node_modules\\npm\\bin\\npm-cli.js',
1 verbose cli   'start' ]
2 info using npm@3.3.12
3 info using node@v5.1.0
4 verbose run-script [ 'prestart', 'start', 'poststart' ]
5 info lifecycle server@0.0.0~prestart: server@0.0.0
6 silly lifecycle server@0.0.0~prestart: no script for prestart, continuing
7 info lifecycle server@0.0.0~start: server@0.0.0
8 verbose lifecycle server@0.0.0~start: unsafe-perm in lifecycle true
9 verbose lifecycle server@0.0.0~start: PATH: C:\Program Files\nodejs\node_modules\npm\bin\node-gyp-bin;C:\Users\won\Documents\GitHub\space_log\server\node_modules\.bin;C:\Users\won\AppData\Local\GitHub\PortableGit_25d850739bc178b2eb13c3e2a9faafea2f9143c0\cmd;C:\Users\won\AppData\Local\GitHub\PortableGit_25d850739bc178b2eb13c3e2a9faafea2f9143c0\usr\bin;C:\Users\won\AppData\Local\GitHub\PortableGit_25d850739bc178b2eb13c3e2a9faafea2f9143c0\usr\share\git-tfs;C:\Users\won\AppData\Local\Apps\2.0\ML43PH1X.LR4\5V4QW824.2GA\gith..tion_317444273a93ac29_0003.0000_d92b04e95b5b9794;C:\Users\won\AppData\Local\GitHub\lfs-amd64_1.1.0;C:\WINDOWS\Microsoft.NET\Framework\v4.0.30319;C:\Program Files (x86)\Intel\iCLS Client\;C:\Program Files\Intel\iCLS Client\;C:\WINDOWS\system32;C:\WINDOWS;C:\WINDOWS\System32\Wbem;C:\WINDOWS\System32\WindowsPowerShell\v1.0\;C:\Program Files\Hewlett-Packard\SimplePass\;C:\Program Files\Intel\Intel(R) Management Engine Components\DAL;C:\Program Files\Intel\Intel(R) Management Engine Components\IPT;C:\Program Files (x86)\Intel\Intel(R) Management Engine Components\DAL;C:\Program Files (x86)\Intel\Intel(R) Management Engine Components\IPT;C:\Program Files\Intel\WiFi\bin\;C:\Program Files\Common Files\Intel\WirelessCommon\;C:\Program Files\nodejs\;C:\Users\won\AppData\Roaming\npm;C:\Users\won\AppData\Local\atom\bin
10 verbose lifecycle server@0.0.0~start: CWD: C:\Users\won\Documents\GitHub\space_log\server
11 silly lifecycle server@0.0.0~start: Args: [ '/d /s /c', 'nodemon ./bin/www' ]
12 silly lifecycle server@0.0.0~start: Returned: code: 1  signal: null
13 info lifecycle server@0.0.0~start: Failed to exec start script
14 verbose stack Error: server@0.0.0 start: `nodemon ./bin/www`
14 verbose stack Exit status 1
14 verbose stack     at EventEmitter.<anonymous> (C:\Program Files\nodejs\node_modules\npm\lib\utils\lifecycle.js:232:16)
14 verbose stack     at emitTwo (events.js:87:13)
14 verbose stack     at EventEmitter.emit (events.js:172:7)
14 verbose stack     at ChildProcess.<anonymous> (C:\Program Files\nodejs\node_modules\npm\lib\utils\spawn.js:24:14)
14 verbose stack     at emitTwo (events.js:87:13)
14 verbose stack     at ChildProcess.emit (events.js:172:7)
14 verbose stack     at maybeClose (internal/child_process.js:818:16)
14 verbose stack     at Process.ChildProcess._handle.onexit (internal/child_process.js:211:5)
15 verbose pkgid server@0.0.0
16 verbose cwd C:\Users\won\Documents\GitHub\space_log\server
17 error Windows_NT 10.0.10586
18 error argv "C:\\Program Files\\nodejs\\node.exe" "C:\\Program Files\\nodejs\\node_modules\\npm\\bin\\npm-cli.js" "start"
19 error node v5.1.0
20 error npm  v3.3.12
21 error code ELIFECYCLE
22 error server@0.0.0 start: `nodemon ./bin/www`
22 error Exit status 1
23 error Failed at the server@0.0.0 start script 'nodemon ./bin/www'.
23 error Make sure you have the latest version of node.js and npm installed.
23 error If you do, this is most likely a problem with the server package,
23 error not with npm itself.
23 error Tell the author that this fails on your system:
23 error     nodemon ./bin/www
23 error You can get their info via:
23 error     npm owner ls server
23 error There is likely additional logging output above.
24 verbose exit [ 1, true ]
